WARNING:tensorflow:From /usr/local/lib/python2.7/dist-packages/tensorflow/contrib/learn/python/learn/estimators/linear.py:740: regression_head (from tensorflow.contrib.learn.python.learn.estimators.head) is deprecated and will be removed in a future version.
Instructions for updating:
Please switch to tf.contrib.estimator.*_head.
WARNING:tensorflow:From /usr/local/lib/python2.7/dist-packages/tensorflow/contrib/learn/python/learn/estimators/estimator.py:1180: __init__ (from tensorflow.contrib.learn.python.learn.estimators.estimator) is deprecated and will be removed in a future version.
Instructions for updating:
Please replace uses of any Estimator from tf.contrib.learn with an Estimator from tf.estimator.*
WARNING:tensorflow:From /usr/local/lib/python2.7/dist-packages/tensorflow/contrib/learn/python/learn/estimators/estimator.py:428: __init__ (from tensorflow.contrib.learn.python.learn.estimators.run_config) is deprecated and will be removed in a future version.
Instructions for updating:
When switching to tf.estimator.Estimator, use tf.estimator.RunConfig instead.
WARNING:tensorflow:Using temporary folder as model directory: /tmp/tmpKLm9ZL
WARNING:tensorflow:From /scratch/mahidhar/21845157/test.py:22: numpy_input_fn (from tensorflow.contrib.learn.python.learn.learn_io.numpy_io) is deprecated and will be removed in a future version.
Instructions for updating:
Use tf.estimator.inputs.numpy_input_fn.
WARNING:tensorflow:From /usr/local/lib/python2.7/dist-packages/tensorflow/python/estimator/inputs/queues/feeding_queue_runner.py:62: __init__ (from tensorflow.python.training.queue_runner_impl) is deprecated and will be removed in a future version.
Instructions for updating:
To construct input pipelines, use the `tf.data` module.
WARNING:tensorflow:From /usr/local/lib/python2.7/dist-packages/tensorflow/python/estimator/inputs/queues/feeding_functions.py:500: add_queue_runner (from tensorflow.python.training.queue_runner_impl) is deprecated and will be removed in a future version.
Instructions for updating:
To construct input pipelines, use the `tf.data` module.
WARNING:tensorflow:From /usr/local/lib/python2.7/dist-packages/tensorflow/contrib/learn/python/learn/estimators/head.py:678: __new__ (from tensorflow.contrib.learn.python.learn.estimators.model_fn) is deprecated and will be removed in a future version.
Instructions for updating:
When switching to tf.estimator.Estimator, use tf.estimator.EstimatorSpec. You can use the `estimator_spec` method to create an equivalent one.
2019-03-11 18:38:08.459923: I tensorflow/core/platform/cpu_feature_guard.cc:141] Your CPU supports instructions that this TensorFlow binary was not compiled to use: SSE4.1 SSE4.2 AVX AVX2 FMA
2019-03-11 18:38:08.665210: I tensorflow/core/common_runtime/gpu/gpu_device.cc:1432] Found device 0 with properties: 
name: Tesla K80 major: 3 minor: 7 memoryClockRate(GHz): 0.8235
pciBusID: 0000:85:00.0
totalMemory: 11.17GiB freeMemory: 11.10GiB
2019-03-11 18:38:08.665247: I tensorflow/core/common_runtime/gpu/gpu_device.cc:1511] Adding visible gpu devices: 0
2019-03-11 18:38:09.845811: I tensorflow/core/common_runtime/gpu/gpu_device.cc:982] Device interconnect StreamExecutor with strength 1 edge matrix:
2019-03-11 18:38:09.845850: I tensorflow/core/common_runtime/gpu/gpu_device.cc:988]      0 
2019-03-11 18:38:09.845859: I tensorflow/core/common_runtime/gpu/gpu_device.cc:1001] 0:   N 
2019-03-11 18:38:09.846119: I tensorflow/core/common_runtime/gpu/gpu_device.cc:1115] Created TensorFlow device (/job:localhost/replica:0/task:0/device:GPU:0 with 10758 MB memory) -> physical GPU (device: 0, name: Tesla K80, pci bus id: 0000:85:00.0, compute capability: 3.7)
WARNING:tensorflow:From /usr/local/lib/python2.7/dist-packages/tensorflow/python/training/monitored_session.py:804: start_queue_runners (from tensorflow.python.training.queue_runner_impl) is deprecated and will be removed in a future version.
Instructions for updating:
To construct input pipelines, use the `tf.data` module.
2019-03-11 18:38:11.943677: I tensorflow/core/common_runtime/gpu/gpu_device.cc:1511] Adding visible gpu devices: 0
2019-03-11 18:38:11.943725: I tensorflow/core/common_runtime/gpu/gpu_device.cc:982] Device interconnect StreamExecutor with strength 1 edge matrix:
2019-03-11 18:38:11.943735: I tensorflow/core/common_runtime/gpu/gpu_device.cc:988]      0 
2019-03-11 18:38:11.943741: I tensorflow/core/common_runtime/gpu/gpu_device.cc:1001] 0:   N 
2019-03-11 18:38:11.943873: I tensorflow/core/common_runtime/gpu/gpu_device.cc:1115] Created TensorFlow device (/job:localhost/replica:0/task:0/device:GPU:0 with 10758 MB memory) -> physical GPU (device: 0, name: Tesla K80, pci bus id: 0000:85:00.0, compute capability: 3.7)
{'loss': 2.7444017e-07, 'global_step': 1000}
