IBRUN: Command is ./hello-cpuid
IBRUN: Command is /home/y1gao/hpc-tasks/week6/hello-cpuid
IBRUN: no hostfile mod needed
IBRUN: Nodefile is /tmp/XEhM35AOlw

IBRUN: Adding MV2_CPU_MAPPING=0-0:1-1:2-2:3-3:4-4:5-5:6-6:7-7:8-8:9-9:10-10:11-11 to the environment
IBRUN: Adding MV2_USE_OLD_BCAST=1 to the environment
IBRUN: Adding MV2_USE_HUGEPAGES=0 to the environment
IBRUN: Adding MV2_HOMOGENEOUS_CLUSTER=0 to the environment
IBRUN: Adding MV2_ENABLE_AFFINITY=1 to the environment
IBRUN: Adding MV2_DEFAULT_TIME_OUT=23 to the environment
IBRUN: Adding MV2_USE_UD_HYBRID=0 to the environment
IBRUN: Added 7 new environment variables to the execution environment
IBRUN: Command string is [mpirun_rsh -np 12 -hostfile /tmp/XEhM35AOlw -export-all /home/y1gao/hpc-tasks/week6/hello-cpuid]
hello, world from node: comet-14-01.sdsc.edu, core: 14
hello, world from node: comet-14-01.sdsc.edu, core: 4
hello, world from node: comet-14-01.sdsc.edu, core: 2
hello, world from node: comet-14-01.sdsc.edu, core: 3
hello, world from node: comet-14-01.sdsc.edu, core: 17
hello, world from node: comet-14-01.sdsc.edu, core: 1
hello, world from node: comet-14-01.sdsc.edu, core: 5
hello, world from node: comet-14-01.sdsc.edu, core: 15
hello, world from node: comet-14-01.sdsc.edu, core: 0
hello, world from node: comet-14-01.sdsc.edu, core: 13
hello, world from node: comet-14-01.sdsc.edu, core: 12
hello, world from node: comet-14-01.sdsc.edu, core: 16
IBRUN: Job ended with value 0
